Added Component: Designator=C1(C1206YageoX7R)
Added Component: Designator=C2(C1206YageoX7R)
Added Component: Designator=C3(C1206YageoX7R)
Added Component: Designator=C4(C1206YageoX7R)
Added Component: Designator=C7(C1206YageoX7R)
Added Component: Designator=C8(C1206YageoX7R)
Added Component: Designator=C9(C1206YageoX7R)
Added Component: Designator=C10(C1206YageoX7R)
Added Component: Designator=C12(C1206YageoX7R)
Added Component: Designator=C13(C1206YageoX7R)
Added Component: Designator=C14(C1206YageoX7R)
Added Component: Designator=C15(C1206YageoX7R)
Added Component: Designator=C17(C1206YageoX7R)
Added Component: Designator=C18(C1206YageoX7R)
Added Component: Designator=C19(C1206YageoX7R)
Added Component: Designator=C20(C1206YageoX7R)
Added Component: Designator=C21(C1206YageoX7R)
Added Component: Designator=C22(C1206YageoX7R)
Added Component: Designator=C23(C1206YageoX7R)
Added Component: Designator=C24(C1206YageoX7R)
Added Component: Designator=C25(C1206YageoX7R)
Added Component: Designator=C26(C1206YageoX7R)
Added Component: Designator=C27(C1206YageoX7R)
Added Component: Designator=C28(C1206YageoX7R)
Added Component: Designator=C29(C1206YageoX7R)
Added Component: Designator=C30(C1206YageoX7R)
Added Component: Designator=C31(C1206YageoX7R)
Added Component: Designator=C32(C1206YageoX7R)
Added Component: Designator=C33(C1206YageoX7R)
Added Component: Designator=C34(C1206YageoX7R)
Added Component: Designator=C35(C1206YageoX7R)
Added Component: Designator=C36(C1206YageoX7R)
Added Pin To Net: NetName=V12P1 Pin=C1-1
Added Pin To Net: NetName=GND Pin=C1-2
Added Pin To Net: NetName=GND Pin=C2-1
Added Pin To Net: NetName=V12P1 Pin=C2-2
Added Pin To Net: NetName=V12 Pin=C3-1
Added Pin To Net: NetName=GND Pin=C3-2
Added Pin To Net: NetName=GND Pin=C4-1
Added Pin To Net: NetName=V12 Pin=C4-2
Added Pin To Net: NetName=V12P2 Pin=C7-1
Added Pin To Net: NetName=GND Pin=C7-2
Added Pin To Net: NetName=GND Pin=C8-1
Added Pin To Net: NetName=V12P2 Pin=C8-2
Added Pin To Net: NetName=V12 Pin=C9-1
Added Pin To Net: NetName=GND Pin=C9-2
Added Pin To Net: NetName=GND Pin=C10-1
Added Pin To Net: NetName=V12 Pin=C10-2
Added Pin To Net: NetName=V12P3 Pin=C12-1
Added Pin To Net: NetName=GND Pin=C12-2
Added Pin To Net: NetName=GND Pin=C13-1
Added Pin To Net: NetName=V12P3 Pin=C13-2
Added Pin To Net: NetName=V12 Pin=C14-1
Added Pin To Net: NetName=GND Pin=C14-2
Added Pin To Net: NetName=GND Pin=C15-1
Added Pin To Net: NetName=V12 Pin=C15-2
Added Pin To Net: NetName=V12P4 Pin=C17-1
Added Pin To Net: NetName=GND Pin=C17-2
Added Pin To Net: NetName=GND Pin=C18-1
Added Pin To Net: NetName=V12P4 Pin=C18-2
Added Pin To Net: NetName=V12 Pin=C19-1
Added Pin To Net: NetName=GND Pin=C19-2
Added Pin To Net: NetName=GND Pin=C20-1
Added Pin To Net: NetName=V12 Pin=C20-2
Added Pin To Net: NetName=V12P5 Pin=C21-1
Added Pin To Net: NetName=GND Pin=C21-2
Added Pin To Net: NetName=GND Pin=C22-1
Added Pin To Net: NetName=V12P5 Pin=C22-2
Added Pin To Net: NetName=V12 Pin=C23-1
Added Pin To Net: NetName=GND Pin=C23-2
Added Pin To Net: NetName=GND Pin=C24-1
Added Pin To Net: NetName=V12 Pin=C24-2
Added Pin To Net: NetName=V12P6 Pin=C25-1
Added Pin To Net: NetName=GND Pin=C25-2
Added Pin To Net: NetName=GND Pin=C26-1
Added Pin To Net: NetName=V12P6 Pin=C26-2
Added Pin To Net: NetName=V12 Pin=C27-1
Added Pin To Net: NetName=GND Pin=C27-2
Added Pin To Net: NetName=GND Pin=C28-1
Added Pin To Net: NetName=V12 Pin=C28-2
Added Pin To Net: NetName=V12P7 Pin=C29-1
Added Pin To Net: NetName=GND Pin=C29-2
Added Pin To Net: NetName=GND Pin=C30-1
Added Pin To Net: NetName=V12P7 Pin=C30-2
Added Pin To Net: NetName=V12 Pin=C31-1
Added Pin To Net: NetName=GND Pin=C31-2
Added Pin To Net: NetName=GND Pin=C32-1
Added Pin To Net: NetName=V12 Pin=C32-2
Added Pin To Net: NetName=V12P8 Pin=C33-1
Added Pin To Net: NetName=GND Pin=C33-2
Added Pin To Net: NetName=GND Pin=C34-1
Added Pin To Net: NetName=V12P8 Pin=C34-2
Added Pin To Net: NetName=V12 Pin=C35-1
Added Pin To Net: NetName=GND Pin=C35-2
Added Pin To Net: NetName=GND Pin=C36-1
Added Pin To Net: NetName=V12 Pin=C36-2
Added Member To Class: ClassName=Sheet0_Top Member=Component C1 1UF 25V X7R
Added Member To Class: ClassName=Sheet0_Top Member=Component C2 0.1UF 50V X7R
Added Member To Class: ClassName=Sheet0_Top Member=Component C3 1UF 25V X7R
Added Member To Class: ClassName=Sheet0_Top Member=Component C4 0.1UF 50V X7R
Added Member To Class: ClassName=Sheet0_Top Member=Component C7 1UF 25V X7R
Added Member To Class: ClassName=Sheet0_Top Member=Component C8 0.1UF 50V X7R
Added Member To Class: ClassName=Sheet0_Top Member=Component C9 1UF 25V X7R
Added Member To Class: ClassName=Sheet0_Top Member=Component C10 0.1UF 50V X7R
Added Member To Class: ClassName=Sheet0_Top Member=Component C12 1UF 25V X7R
Added Member To Class: ClassName=Sheet0_Top Member=Component C13 0.1UF 50V X7R
Added Member To Class: ClassName=Sheet0_Top Member=Component C14 1UF 25V X7R
Added Member To Class: ClassName=Sheet0_Top Member=Component C15 0.1UF 50V X7R
Added Member To Class: ClassName=Sheet0_Top Member=Component C17 1UF 25V X7R
Added Member To Class: ClassName=Sheet0_Top Member=Component C18 0.1UF 50V X7R
Added Member To Class: ClassName=Sheet0_Top Member=Component C19 1UF 25V X7R
Added Member To Class: ClassName=Sheet0_Top Member=Component C20 0.1UF 50V X7R
Added Member To Class: ClassName=Sheet0_Top Member=Component C21 1UF 25V X7R
Added Member To Class: ClassName=Sheet0_Top Member=Component C22 0.1UF 50V X7R
Added Member To Class: ClassName=Sheet0_Top Member=Component C23 1UF 25V X7R
Added Member To Class: ClassName=Sheet0_Top Member=Component C24 0.1UF 50V X7R
Added Member To Class: ClassName=Sheet0_Top Member=Component C25 1UF 25V X7R
Added Member To Class: ClassName=Sheet0_Top Member=Component C26 0.1UF 50V X7R
Added Member To Class: ClassName=Sheet0_Top Member=Component C27 1UF 25V X7R
Added Member To Class: ClassName=Sheet0_Top Member=Component C28 0.1UF 50V X7R
Added Member To Class: ClassName=Sheet0_Top Member=Component C29 1UF 25V X7R
Added Member To Class: ClassName=Sheet0_Top Member=Component C30 0.1UF 50V X7R
Added Member To Class: ClassName=Sheet0_Top Member=Component C31 1UF 25V X7R
Added Member To Class: ClassName=Sheet0_Top Member=Component C32 0.1UF 50V X7R
Added Member To Class: ClassName=Sheet0_Top Member=Component C33 1UF 25V X7R
Added Member To Class: ClassName=Sheet0_Top Member=Component C34 0.1UF 50V X7R
Added Member To Class: ClassName=Sheet0_Top Member=Component C35 1UF 25V X7R
Added Member To Class: ClassName=Sheet0_Top Member=Component C36 0.1UF 50V X7R
